<?xml version="1.0" encoding="UTF-8"?>
<!-- Generated by org.testng.reporters.JUnitReportReporter -->
<testsuite hostname="L-SNV36PRG8W-M.local" name="Hema.restassured.ApartmentTest" tests="10" failures="0" timestamp="11 Sep 2015 21:37:55 GMT" time="1.054" errors="0">
  <testcase name="postLandLord" time="0.872" classname="Hema.restassured.ApartmentTest"/>
  <testcase name="postApartmentSet" time="0.009" classname="Hema.restassured.ApartmentTest"/>
  <testcase name="postApartment" time="0.095" classname="Hema.restassured.ApartmentTest"/>
  <testcase name="postApartmentSet" time="0.011" classname="Hema.restassured.ApartmentTest"/>
  <testcase name="postApartmentSet" time="0.011" classname="Hema.restassured.ApartmentTest"/>
  <testcase name="postApartmentSet" time="0.011" classname="Hema.restassured.ApartmentTest"/>
  <testcase name="postApartmentSet" time="0.011" classname="Hema.restassured.ApartmentTest"/>
  <testcase name="postApartmentSet" time="0.008" classname="Hema.restassured.ApartmentTest"/>
  <testcase name="postApartmentSet" time="0.013" classname="Hema.restassured.ApartmentTest"/>
  <testcase name="postApartmentSet" time="0.013" classname="Hema.restassured.ApartmentTest"/>
</testsuite> <!-- Hema.restassured.ApartmentTest -->
