<?xml version="1.0" encoding="UTF-8"?>
<!-- Generated by org.testng.reporters.JUnitReportReporter -->
<testsuite hostname="L-SNV36PRG8W-M.local" name="Hema.restassured.RestAssuredTestNGTests" tests="2" failures="0" timestamp="9 Sep 2015 20:35:46 GMT" time="1.154" errors="0">
  <testcase name="postLandLord1" time="1.085" classname="Hema.restassured.RestAssuredTestNGTests"/>
  <testcase name="postLandLord1" time="0.069" classname="Hema.restassured.RestAssuredTestNGTests"/>
</testsuite> <!-- Hema.restassured.RestAssuredTestNGTests -->
